2026-05-08 11:58:02,869 [INFO] ============================================================
2026-05-08 11:58:02,869 [INFO] Lucky run started - 2026-05-08 11:58:02
2026-05-08 11:58:02,869 [INFO] [devpost] Starting scraper...
2026-05-08 11:58:31,362 [INFO] [devpost] Done - 41 tiles found in 28.5s
2026-05-08 11:58:31,362 [INFO] ------------------------------------------------------------
2026-05-08 11:58:31,362 [INFO] Run finished in 28.5s
2026-05-08 11:58:31,362 [INFO]   Tiles found : 41
2026-05-08 11:58:31,362 [INFO]   Scrapers run: 1
2026-05-08 11:58:31,363 [INFO]   Errors      : none
2026-05-08 11:58:31,363 [INFO] ============================================================
2026-05-08 12:08:39,004 [INFO] ============================================================
2026-05-08 12:08:39,004 [INFO] Lucky run started - 2026-05-08 12:08:39
2026-05-08 12:08:39,004 [INFO] [devpost] Starting scraper...
2026-05-08 12:08:54,945 [INFO] [devpost] Done - 40 tiles found in 15.9s
2026-05-08 12:08:54,946 [INFO] ------------------------------------------------------------
2026-05-08 12:08:54,946 [INFO] Run finished in 15.9s
2026-05-08 12:08:54,946 [INFO]   Tiles found : 40
2026-05-08 12:08:54,946 [INFO]   Scrapers run: 1
2026-05-08 12:08:54,946 [INFO]   Errors      : none
2026-05-08 12:08:54,946 [INFO] ============================================================
