2026-05-07 15:46:17,693 [INFO] ============================================================
2026-05-07 15:46:17,693 [INFO] Lucky run started — 2026-05-07 15:46:17
2026-05-07 15:46:17,693 [INFO] [devpost] Starting scraper...
2026-05-07 15:46:55,824 [INFO] [devpost] Done — 38 tiles found in 38.1s
2026-05-07 15:46:55,825 [INFO] ------------------------------------------------------------
2026-05-07 15:46:55,825 [INFO] Run finished in 38.1s
2026-05-07 15:46:55,825 [INFO]   Tiles found : 38
2026-05-07 15:46:55,825 [INFO]   Scrapers run: 1
2026-05-07 15:46:55,826 [INFO]   Errors      : none
2026-05-07 15:46:55,827 [INFO] ============================================================
2026-05-07 15:47:51,879 [INFO] ============================================================
2026-05-07 15:47:51,879 [INFO] Lucky run started - 2026-05-07 15:47:51
2026-05-07 15:47:51,879 [INFO] [devpost] Starting scraper...
2026-05-07 15:48:06,844 [INFO] [devpost] Done - 38 tiles found in 15.0s
2026-05-07 15:48:06,844 [INFO] ------------------------------------------------------------
2026-05-07 15:48:06,844 [INFO] Run finished in 15.0s
2026-05-07 15:48:06,844 [INFO]   Tiles found : 38
2026-05-07 15:48:06,845 [INFO]   Scrapers run: 1
2026-05-07 15:48:06,845 [INFO]   Errors      : none
2026-05-07 15:48:06,845 [INFO] ============================================================
